{"C:\\Users\\HP\\Documents\\myprojects\\blog\\app.js": {"path":"C:\\Users\\HP\\Documents\\myprojects\\blog\\app.js","statementMap":{"0":{"start":{"line":1,"column":18},"end":{"line":1,"column":40}},"1":{"start":{"line":2,"column":14},"end":{"line":2,"column":32}},"2":{"start":{"line":3,"column":11},"end":{"line":3,"column":26}},"3":{"start":{"line":4,"column":19},"end":{"line":4,"column":43}},"4":{"start":{"line":5,"column":13},"end":{"line":5,"column":30}},"5":{"start":{"line":6,"column":28},"end":{"line":6,"column":49}},"6":{"start":{"line":8,"column":18},"end":{"line":8,"column":48}},"7":{"start":{"line":9,"column":18},"end":{"line":9,"column":48}},"8":{"start":{"line":10,"column":20},"end":{"line":10,"column":52}},"9":{"start":{"line":12,"column":0},"end":{"line":12,"column":19}},"10":{"start":{"line":13,"column":10},"end":{"line":13,"column":19}},"11":{"start":{"line":16,"column":0},"end":{"line":16,"column":48}},"12":{"start":{"line":17,"column":0},"end":{"line":17,"column":31}},"13":{"start":{"line":19,"column":0},"end":{"line":19,"column":23}},"14":{"start":{"line":20,"column":0},"end":{"line":20,"column":24}},"15":{"start":{"line":21,"column":0},"end":{"line":21,"column":49}},"16":{"start":{"line":22,"column":0},"end":{"line":22,"column":24}},"17":{"start":{"line":23,"column":0},"end":{"line":23,"column":56}},"18":{"start":{"line":25,"column":0},"end":{"line":25,"column":26}},"19":{"start":{"line":26,"column":0},"end":{"line":26,"column":26}},"20":{"start":{"line":27,"column":0},"end":{"line":27,"column":35}},"21":{"start":{"line":30,"column":0},"end":{"line":32,"column":3}},"22":{"start":{"line":31,"column":2},"end":{"line":31,"column":25}},"23":{"start":{"line":35,"column":0},"end":{"line":43,"column":3}},"24":{"start":{"line":37,"column":2},"end":{"line":37,"column":35}},"25":{"start":{"line":38,"column":2},"end":{"line":38,"column":69}},"26":{"start":{"line":41,"column":2},"end":{"line":41,"column":32}},"27":{"start":{"line":42,"column":2},"end":{"line":42,"column":22}},"28":{"start":{"line":45,"column":0},"end":{"line":45,"column":21}}},"fnMap":{"0":{"name":"(anonymous_0)","decl":{"start":{"line":30,"column":8},"end":{"line":30,"column":9}},"loc":{"start":{"line":30,"column":33},"end":{"line":32,"column":1}},"line":30},"1":{"name":"(anonymous_1)","decl":{"start":{"line":35,"column":8},"end":{"line":35,"column":9}},"loc":{"start":{"line":35,"column":38},"end":{"line":43,"column":1}},"line":35}},"branchMap":{"0":{"loc":{"start":{"line":38,"column":21},"end":{"line":38,"column":68}},"type":"cond-expr","locations":[{"start":{"line":38,"column":60},"end":{"line":38,"column":63}},{"start":{"line":38,"column":66},"end":{"line":38,"column":68}}],"line":38},"1":{"loc":{"start":{"line":41,"column":13},"end":{"line":41,"column":30}},"type":"binary-expr","locations":[{"start":{"line":41,"column":13},"end":{"line":41,"column":23}},{"start":{"line":41,"column":27},"end":{"line":41,"column":30}}],"line":41}},"s":{"0":1,"1":1,"2":1,"3":1,"4":1,"5":1,"6":1,"7":1,"8":1,"9":1,"10":1,"11":1,"12":1,"13":1,"14":1,"15":1,"16":1,"17":1,"18":1,"19":1,"20":1,"21":1,"22":0,"23":1,"24":0,"25":0,"26":0,"27":0,"28":1},"f":{"0":0,"1":0},"b":{"0":[0,0],"1":[0,0]},"_coverageSchema":"1a1c01bbd47fc00a2c39e90264f33305004495a9","hash":"79514933ad05942bf38137bb492e69987c107000"}
,"C:\\Users\\HP\\Documents\\myprojects\\blog\\config.js": {"path":"C:\\Users\\HP\\Documents\\myprojects\\blog\\config.js","statementMap":{"0":{"start":{"line":1,"column":0},"end":{"line":1,"column":27}},"1":{"start":{"line":3,"column":0},"end":{"line":7,"column":1}}},"fnMap":{},"branchMap":{},"s":{"0":1,"1":1},"f":{},"b":{},"_coverageSchema":"1a1c01bbd47fc00a2c39e90264f33305004495a9","hash":"c5b0d1bf8fe7dced1b62aafa6a94ed839f7f3edb"}
,"C:\\Users\\HP\\Documents\\myprojects\\blog\\database.js": {"path":"C:\\Users\\HP\\Documents\\myprojects\\blog\\database.js","statementMap":{"0":{"start":{"line":1,"column":17},"end":{"line":1,"column":36}},"1":{"start":{"line":2,"column":15},"end":{"line":2,"column":34}},"2":{"start":{"line":6,"column":4},"end":{"line":6,"column":46}},"3":{"start":{"line":8,"column":4},"end":{"line":10,"column":7}},"4":{"start":{"line":9,"column":8},"end":{"line":9,"column":57}},"5":{"start":{"line":12,"column":4},"end":{"line":15,"column":7}},"6":{"start":{"line":13,"column":8},"end":{"line":13,"column":69}},"7":{"start":{"line":14,"column":8},"end":{"line":14,"column":25}},"8":{"start":{"line":18,"column":0},"end":{"line":20,"column":1}}},"fnMap":{"0":{"name":"connectToDatabase","decl":{"start":{"line":5,"column":9},"end":{"line":5,"column":26}},"loc":{"start":{"line":5,"column":29},"end":{"line":16,"column":1}},"line":5},"1":{"name":"(anonymous_1)","decl":{"start":{"line":8,"column":40},"end":{"line":8,"column":41}},"loc":{"start":{"line":8,"column":46},"end":{"line":10,"column":5}},"line":8},"2":{"name":"(anonymous_2)","decl":{"start":{"line":12,"column":36},"end":{"line":12,"column":37}},"loc":{"start":{"line":12,"column":45},"end":{"line":15,"column":5}},"line":12}},"branchMap":{},"s":{"0":1,"1":1,"2":1,"3":1,"4":1,"5":1,"6":0,"7":0,"8":1},"f":{"0":1,"1":1,"2":0},"b":{},"_coverageSchema":"1a1c01bbd47fc00a2c39e90264f33305004495a9","hash":"44dca4f88f61fd6641ddf79fa92dc042db1221a9"}
,"C:\\Users\\HP\\Documents\\myprojects\\blog\\controller\\article.js": {"path":"C:\\Users\\HP\\Documents\\myprojects\\blog\\controller\\article.js","statementMap":{"0":{"start":{"line":1,"column":17},"end":{"line":1,"column":36}},"1":{"start":{"line":2,"column":16},"end":{"line":2,"column":50}},"2":{"start":{"line":3,"column":17},"end":{"line":3,"column":36}},"3":{"start":{"line":4,"column":19},"end":{"line":4,"column":41}},"4":{"start":{"line":5,"column":24},"end":{"line":5,"column":53}},"5":{"start":{"line":8,"column":22},"end":{"line":31,"column":1}},"6":{"start":{"line":12,"column":2},"end":{"line":30,"column":3}},"7":{"start":{"line":13,"column":47},"end":{"line":13,"column":55}},"8":{"start":{"line":14,"column":23},"end":{"line":21,"column":6}},"9":{"start":{"line":22,"column":4},"end":{"line":22,"column":27}},"10":{"start":{"line":24,"column":20},"end":{"line":24,"column":84}},"11":{"start":{"line":26,"column":6},"end":{"line":26,"column":55}},"12":{"start":{"line":27,"column":6},"end":{"line":27,"column":51}},"13":{"start":{"line":29,"column":4},"end":{"line":29,"column":36}},"14":{"start":{"line":33,"column":23},"end":{"line":68,"column":1}},"15":{"start":{"line":34,"column":2},"end":{"line":67,"column":3}},"16":{"start":{"line":35,"column":17},"end":{"line":35,"column":48}},"17":{"start":{"line":36,"column":18},"end":{"line":36,"column":49}},"18":{"start":{"line":37,"column":19},"end":{"line":37,"column":41}},"19":{"start":{"line":38,"column":16},"end":{"line":38,"column":46}},"20":{"start":{"line":39,"column":4},"end":{"line":39,"column":78}},"21":{"start":{"line":40,"column":17},"end":{"line":40,"column":19}},"22":{"start":{"line":41,"column":4},"end":{"line":45,"column":5}},"23":{"start":{"line":42,"column":6},"end":{"line":42,"column":33}},"24":{"start":{"line":44,"column":6},"end":{"line":44,"column":30}},"25":{"start":{"line":46,"column":16},"end":{"line":46,"column":39}},"26":{"start":{"line":47,"column":21},"end":{"line":62,"column":19}},"27":{"start":{"line":63,"column":4},"end":{"line":63,"column":53}},"28":{"start":{"line":64,"column":4},"end":{"line":64,"column":71}},"29":{"start":{"line":66,"column":4},"end":{"line":66,"column":36}},"30":{"start":{"line":70,"column":24},"end":{"line":88,"column":1}},"31":{"start":{"line":71,"column":2},"end":{"line":87,"column":3}},"32":{"start":{"line":72,"column":17},"end":{"line":72,"column":48}},"33":{"start":{"line":73,"column":18},"end":{"line":73,"column":49}},"34":{"start":{"line":74,"column":18},"end":{"line":74,"column":48}},"35":{"start":{"line":78,"column":4},"end":{"line":78,"column":25}},"36":{"start":{"line":79,"column":21},"end":{"line":81,"column":36}},"37":{"start":{"line":83,"column":4},"end":{"line":83,"column":73}},"38":{"start":{"line":86,"column":4},"end":{"line":86,"column":36}},"39":{"start":{"line":90,"column":19},"end":{"line":101,"column":1}},"40":{"start":{"line":91,"column":2},"end":{"line":100,"column":3}},"41":{"start":{"line":92,"column":26},"end":{"line":92,"column":36}},"42":{"start":{"line":93,"column":20},"end":{"line":93,"column":72}},"43":{"start":{"line":94,"column":4},"end":{"line":94,"column":24}},"44":{"start":{"line":95,"column":4},"end":{"line":95,"column":24}},"45":{"start":{"line":96,"column":4},"end":{"line":96,"column":37}},"46":{"start":{"line":99,"column":4},"end":{"line":99,"column":36}},"47":{"start":{"line":103,"column":22},"end":{"line":113,"column":1}},"48":{"start":{"line":104,"column":2},"end":{"line":112,"column":3}},"49":{"start":{"line":105,"column":22},"end":{"line":105,"column":42}},"50":{"start":{"line":107,"column":20},"end":{"line":107,"column":97}},"51":{"start":{"line":108,"column":4},"end":{"line":108,"column":53}},"52":{"start":{"line":109,"column":4},"end":{"line":109,"column":73}},"53":{"start":{"line":111,"column":4},"end":{"line":111,"column":35}},"54":{"start":{"line":115,"column":20},"end":{"line":126,"column":1}},"55":{"start":{"line":116,"column":2},"end":{"line":124,"column":3}},"56":{"start":{"line":117,"column":22},"end":{"line":117,"column":42}},"57":{"start":{"line":119,"column":20},"end":{"line":119,"column":97}},"58":{"start":{"line":120,"column":4},"end":{"line":120,"column":53}},"59":{"start":{"line":121,"column":4},"end":{"line":121,"column":73}},"60":{"start":{"line":123,"column":4},"end":{"line":123,"column":35}},"61":{"start":{"line":128,"column":22},"end":{"line":139,"column":1}},"62":{"start":{"line":129,"column":2},"end":{"line":138,"column":3}},"63":{"start":{"line":130,"column":22},"end":{"line":130,"column":42}},"64":{"start":{"line":131,"column":21},"end":{"line":131,"column":62}},"65":{"start":{"line":132,"column":4},"end":{"line":132,"column":53}},"66":{"start":{"line":134,"column":4},"end":{"line":134,"column":74}},"67":{"start":{"line":137,"column":4},"end":{"line":137,"column":35}},"68":{"start":{"line":143,"column":0},"end":{"line":151,"column":1}}},"fnMap":{"0":{"name":"(anonymous_0)","decl":{"start":{"line":8,"column":22},"end":{"line":8,"column":23}},"loc":{"start":{"line":8,"column":48},"end":{"line":31,"column":1}},"line":8},"1":{"name":"(anonymous_1)","decl":{"start":{"line":33,"column":23},"end":{"line":33,"column":24}},"loc":{"start":{"line":33,"column":49},"end":{"line":68,"column":1}},"line":33},"2":{"name":"(anonymous_2)","decl":{"start":{"line":70,"column":24},"end":{"line":70,"column":25}},"loc":{"start":{"line":70,"column":50},"end":{"line":88,"column":1}},"line":70},"3":{"name":"(anonymous_3)","decl":{"start":{"line":90,"column":19},"end":{"line":90,"column":20}},"loc":{"start":{"line":90,"column":45},"end":{"line":101,"column":1}},"line":90},"4":{"name":"(anonymous_4)","decl":{"start":{"line":103,"column":22},"end":{"line":103,"column":23}},"loc":{"start":{"line":103,"column":48},"end":{"line":113,"column":1}},"line":103},"5":{"name":"(anonymous_5)","decl":{"start":{"line":115,"column":20},"end":{"line":115,"column":21}},"loc":{"start":{"line":115,"column":46},"end":{"line":126,"column":1}},"line":115},"6":{"name":"(anonymous_6)","decl":{"start":{"line":128,"column":22},"end":{"line":128,"column":23}},"loc":{"start":{"line":128,"column":48},"end":{"line":139,"column":1}},"line":128}},"branchMap":{"0":{"loc":{"start":{"line":17,"column":12},"end":{"line":17,"column":37}},"type":"binary-expr","locations":[{"start":{"line":17,"column":12},"end":{"line":17,"column":27}},{"start":{"line":17,"column":31},"end":{"line":17,"column":37}}],"line":17},"1":{"loc":{"start":{"line":35,"column":17},"end":{"line":35,"column":48}},"type":"binary-expr","locations":[{"start":{"line":35,"column":17},"end":{"line":35,"column":43}},{"start":{"line":35,"column":47},"end":{"line":35,"column":48}}],"line":35},"2":{"loc":{"start":{"line":36,"column":18},"end":{"line":36,"column":49}},"type":"binary-expr","locations":[{"start":{"line":36,"column":18},"end":{"line":36,"column":43}},{"start":{"line":36,"column":47},"end":{"line":36,"column":49}}],"line":36},"3":{"loc":{"start":{"line":37,"column":19},"end":{"line":37,"column":41}},"type":"binary-expr","locations":[{"start":{"line":37,"column":19},"end":{"line":37,"column":35}},{"start":{"line":37,"column":39},"end":{"line":37,"column":41}}],"line":37},"4":{"loc":{"start":{"line":38,"column":16},"end":{"line":38,"column":46}},"type":"binary-expr","locations":[{"start":{"line":38,"column":16},"end":{"line":38,"column":31}},{"start":{"line":38,"column":35},"end":{"line":38,"column":46}}],"line":38},"5":{"loc":{"start":{"line":39,"column":4},"end":{"line":39,"column":78}},"type":"cond-expr","locations":[{"start":{"line":39,"column":23},"end":{"line":39,"column":57}},{"start":{"line":39,"column":62},"end":{"line":39,"column":77}}],"line":39},"6":{"loc":{"start":{"line":41,"column":4},"end":{"line":45,"column":5}},"type":"if","locations":[{"start":{"line":41,"column":4},"end":{"line":45,"column":5}},{"start":{"line":43,"column":9},"end":{"line":45,"column":5}}],"line":41},"7":{"loc":{"start":{"line":72,"column":17},"end":{"line":72,"column":48}},"type":"binary-expr","locations":[{"start":{"line":72,"column":17},"end":{"line":72,"column":43}},{"start":{"line":72,"column":47},"end":{"line":72,"column":48}}],"line":72},"8":{"loc":{"start":{"line":73,"column":18},"end":{"line":73,"column":49}},"type":"binary-expr","locations":[{"start":{"line":73,"column":18},"end":{"line":73,"column":43}},{"start":{"line":73,"column":47},"end":{"line":73,"column":49}}],"line":73},"9":{"loc":{"start":{"line":74,"column":18},"end":{"line":74,"column":48}},"type":"binary-expr","locations":[{"start":{"line":74,"column":18},"end":{"line":74,"column":33}},{"start":{"line":74,"column":37},"end":{"line":74,"column":48}}],"line":74}},"s":{"0":1,"1":1,"2":1,"3":1,"4":1,"5":1,"6":0,"7":0,"8":0,"9":0,"10":0,"11":0,"12":0,"13":0,"14":1,"15":0,"16":0,"17":0,"18":0,"19":0,"20":0,"21":0,"22":0,"23":0,"24":0,"25":0,"26":0,"27":0,"28":0,"29":0,"30":1,"31":0,"32":0,"33":0,"34":0,"35":0,"36":0,"37":0,"38":0,"39":1,"40":0,"41":0,"42":0,"43":0,"44":0,"45":0,"46":0,"47":1,"48":0,"49":0,"50":0,"51":0,"52":0,"53":0,"54":1,"55":0,"56":0,"57":0,"58":0,"59":0,"60":0,"61":1,"62":0,"63":0,"64":0,"65":0,"66":0,"67":0,"68":1},"f":{"0":0,"1":0,"2":0,"3":0,"4":0,"5":0,"6":0},"b":{"0":[0,0],"1":[0,0],"2":[0,0],"3":[0,0],"4":[0,0],"5":[0,0],"6":[0,0],"7":[0,0],"8":[0,0],"9":[0,0]},"_coverageSchema":"1a1c01bbd47fc00a2c39e90264f33305004495a9","hash":"d1e8399c1aaa2d4bf4aed8a329d998ef9238af54"}
,"C:\\Users\\HP\\Documents\\myprojects\\blog\\controller\\user.js": {"path":"C:\\Users\\HP\\Documents\\myprojects\\blog\\controller\\user.js","statementMap":{"0":{"start":{"line":1,"column":17},"end":{"line":1,"column":36}},"1":{"start":{"line":2,"column":13},"end":{"line":2,"column":44}},"2":{"start":{"line":3,"column":15},"end":{"line":3,"column":34}},"3":{"start":{"line":4,"column":19},"end":{"line":4,"column":41}},"4":{"start":{"line":9,"column":4},"end":{"line":9,"column":36}},"5":{"start":{"line":11,"column":21},"end":{"line":11,"column":57}},"6":{"start":{"line":14,"column":51},"end":{"line":14,"column":59}},"7":{"start":{"line":15,"column":18},"end":{"line":15,"column":54}},"8":{"start":{"line":16,"column":2},"end":{"line":18,"column":3}},"9":{"start":{"line":17,"column":6},"end":{"line":17,"column":61}},"10":{"start":{"line":19,"column":18},"end":{"line":24,"column":3}},"11":{"start":{"line":25,"column":25},"end":{"line":25,"column":61}},"12":{"start":{"line":26,"column":2},"end":{"line":26,"column":35}},"13":{"start":{"line":27,"column":15},"end":{"line":27,"column":41}},"14":{"start":{"line":28,"column":2},"end":{"line":28,"column":23}},"15":{"start":{"line":29,"column":2},"end":{"line":29,"column":19}},"16":{"start":{"line":30,"column":2},"end":{"line":33,"column":4}},"17":{"start":{"line":36,"column":18},"end":{"line":46,"column":1}},"18":{"start":{"line":37,"column":32},"end":{"line":37,"column":40}},"19":{"start":{"line":38,"column":17},"end":{"line":38,"column":52}},"20":{"start":{"line":39,"column":4},"end":{"line":41,"column":5}},"21":{"start":{"line":40,"column":8},"end":{"line":40,"column":60}},"22":{"start":{"line":42,"column":16},"end":{"line":42,"column":56}},"23":{"start":{"line":43,"column":4},"end":{"line":43,"column":25}},"24":{"start":{"line":44,"column":4},"end":{"line":44,"column":54}},"25":{"start":{"line":45,"column":4},"end":{"line":45,"column":80}},"26":{"start":{"line":48,"column":19},"end":{"line":55,"column":1}},"27":{"start":{"line":49,"column":4},"end":{"line":54,"column":5}},"28":{"start":{"line":50,"column":8},"end":{"line":50,"column":30}},"29":{"start":{"line":51,"column":8},"end":{"line":51,"column":64}},"30":{"start":{"line":53,"column":8},"end":{"line":53,"column":33}},"31":{"start":{"line":58,"column":4},"end":{"line":66,"column":5}},"32":{"start":{"line":59,"column":21},"end":{"line":59,"column":40}},"33":{"start":{"line":60,"column":8},"end":{"line":63,"column":10}},"34":{"start":{"line":65,"column":8},"end":{"line":65,"column":53}},"35":{"start":{"line":70,"column":19},"end":{"line":70,"column":32}},"36":{"start":{"line":71,"column":17},"end":{"line":71,"column":44}},"37":{"start":{"line":72,"column":4},"end":{"line":74,"column":5}},"38":{"start":{"line":73,"column":8},"end":{"line":73,"column":72}},"39":{"start":{"line":75,"column":4},"end":{"line":75,"column":30}},"40":{"start":{"line":79,"column":15},"end":{"line":79,"column":28}},"41":{"start":{"line":80,"column":25},"end":{"line":80,"column":33}},"42":{"start":{"line":82,"column":15},"end":{"line":82,"column":76}},"43":{"start":{"line":84,"column":4},"end":{"line":86,"column":5}},"44":{"start":{"line":85,"column":8},"end":{"line":85,"column":57}},"45":{"start":{"line":87,"column":4},"end":{"line":90,"column":6}},"46":{"start":{"line":94,"column":0},"end":{"line":101,"column":1}}},"fnMap":{"0":{"name":"createUser","decl":{"start":{"line":13,"column":15},"end":{"line":13,"column":25}},"loc":{"start":{"line":13,"column":36},"end":{"line":34,"column":1}},"line":13},"1":{"name":"(anonymous_1)","decl":{"start":{"line":36,"column":18},"end":{"line":36,"column":19}},"loc":{"start":{"line":36,"column":44},"end":{"line":46,"column":1}},"line":36},"2":{"name":"(anonymous_2)","decl":{"start":{"line":48,"column":19},"end":{"line":48,"column":20}},"loc":{"start":{"line":48,"column":45},"end":{"line":55,"column":1}},"line":48},"3":{"name":"getAllUser","decl":{"start":{"line":57,"column":15},"end":{"line":57,"column":25}},"loc":{"start":{"line":57,"column":43},"end":{"line":67,"column":1}},"line":57},"4":{"name":"getOneUser","decl":{"start":{"line":69,"column":15},"end":{"line":69,"column":25}},"loc":{"start":{"line":69,"column":36},"end":{"line":76,"column":1}},"line":69},"5":{"name":"updateUserById","decl":{"start":{"line":78,"column":15},"end":{"line":78,"column":29}},"loc":{"start":{"line":78,"column":46},"end":{"line":91,"column":1}},"line":78}},"branchMap":{"0":{"loc":{"start":{"line":16,"column":2},"end":{"line":18,"column":3}},"type":"if","locations":[{"start":{"line":16,"column":2},"end":{"line":18,"column":3}},{"start":{},"end":{}}],"line":16},"1":{"loc":{"start":{"line":39,"column":4},"end":{"line":41,"column":5}},"type":"if","locations":[{"start":{"line":39,"column":4},"end":{"line":41,"column":5}},{"start":{},"end":{}}],"line":39},"2":{"loc":{"start":{"line":72,"column":4},"end":{"line":74,"column":5}},"type":"if","locations":[{"start":{"line":72,"column":4},"end":{"line":74,"column":5}},{"start":{},"end":{}}],"line":72},"3":{"loc":{"start":{"line":84,"column":4},"end":{"line":86,"column":5}},"type":"if","locations":[{"start":{"line":84,"column":4},"end":{"line":86,"column":5}},{"start":{},"end":{}}],"line":84}},"s":{"0":1,"1":1,"2":1,"3":1,"4":1,"5":1,"6":1,"7":1,"8":1,"9":0,"10":1,"11":1,"12":1,"13":1,"14":1,"15":1,"16":1,"17":1,"18":0,"19":0,"20":0,"21":0,"22":0,"23":0,"24":0,"25":0,"26":1,"27":0,"28":0,"29":0,"30":0,"31":0,"32":0,"33":0,"34":0,"35":0,"36":0,"37":0,"38":0,"39":0,"40":0,"41":0,"42":0,"43":0,"44":0,"45":0,"46":1},"f":{"0":1,"1":0,"2":0,"3":0,"4":0,"5":0},"b":{"0":[0,1],"1":[0,0],"2":[0,0],"3":[0,0]},"_coverageSchema":"1a1c01bbd47fc00a2c39e90264f33305004495a9","hash":"42317818df4f67bfd66edd2433ed2a24b6e6def7"}
,"C:\\Users\\HP\\Documents\\myprojects\\blog\\middleware\\autheticate.js": {"path":"C:\\Users\\HP\\Documents\\myprojects\\blog\\middleware\\autheticate.js","statementMap":{"0":{"start":{"line":1,"column":15},"end":{"line":1,"column":34}},"1":{"start":{"line":2,"column":20},"end":{"line":2,"column":54}},"2":{"start":{"line":3,"column":11},"end":{"line":3,"column":42}},"3":{"start":{"line":4,"column":16},"end":{"line":4,"column":50}},"4":{"start":{"line":5,"column":18},"end":{"line":5,"column":50}},"5":{"start":{"line":6,"column":17},"end":{"line":6,"column":51}},"6":{"start":{"line":7,"column":10},"end":{"line":7,"column":33}},"7":{"start":{"line":9,"column":13},"end":{"line":9,"column":33}},"8":{"start":{"line":12,"column":0},"end":{"line":15,"column":2}},"9":{"start":{"line":13,"column":4},"end":{"line":14,"column":27}},"10":{"start":{"line":17,"column":11},"end":{"line":17,"column":13}},"11":{"start":{"line":18,"column":0},"end":{"line":18,"column":63}},"12":{"start":{"line":19,"column":0},"end":{"line":19,"column":36}},"13":{"start":{"line":21,"column":0},"end":{"line":34,"column":8}},"14":{"start":{"line":23,"column":8},"end":{"line":33,"column":11}},"15":{"start":{"line":24,"column":12},"end":{"line":32,"column":13}},"16":{"start":{"line":25,"column":16},"end":{"line":25,"column":40}},"17":{"start":{"line":27,"column":17},"end":{"line":32,"column":13}},"18":{"start":{"line":28,"column":16},"end":{"line":28,"column":40}},"19":{"start":{"line":31,"column":16},"end":{"line":31,"column":41}},"20":{"start":{"line":36,"column":0},"end":{"line":36,"column":70}},"21":{"start":{"line":38,"column":0},"end":{"line":53,"column":1}},"22":{"start":{"line":39,"column":20},"end":{"line":39,"column":83}},"23":{"start":{"line":40,"column":4},"end":{"line":43,"column":5}},"24":{"start":{"line":41,"column":8},"end":{"line":41,"column":57}},"25":{"start":{"line":42,"column":8},"end":{"line":42,"column":15}},"26":{"start":{"line":44,"column":25},"end":{"line":44,"column":36}},"27":{"start":{"line":45,"column":24},"end":{"line":45,"column":41}},"28":{"start":{"line":47,"column":4},"end":{"line":52,"column":5}},"29":{"start":{"line":48,"column":8},"end":{"line":48,"column":14}},"30":{"start":{"line":51,"column":8},"end":{"line":51,"column":83}}},"fnMap":{"0":{"name":"(anonymous_0)","decl":{"start":{"line":12,"column":19},"end":{"line":12,"column":20}},"loc":{"start":{"line":12,"column":34},"end":{"line":15,"column":1}},"line":12},"1":{"name":"(anonymous_1)","decl":{"start":{"line":22,"column":4},"end":{"line":22,"column":5}},"loc":{"start":{"line":22,"column":27},"end":{"line":34,"column":5}},"line":22},"2":{"name":"(anonymous_2)","decl":{"start":{"line":23,"column":45},"end":{"line":23,"column":46}},"loc":{"start":{"line":23,"column":60},"end":{"line":33,"column":9}},"line":23},"3":{"name":"(anonymous_3)","decl":{"start":{"line":38,"column":23},"end":{"line":38,"column":24}},"loc":{"start":{"line":38,"column":47},"end":{"line":53,"column":1}},"line":38}},"branchMap":{"0":{"loc":{"start":{"line":24,"column":12},"end":{"line":32,"column":13}},"type":"if","locations":[{"start":{"line":24,"column":12},"end":{"line":32,"column":13}},{"start":{"line":27,"column":17},"end":{"line":32,"column":13}}],"line":24},"1":{"loc":{"start":{"line":27,"column":17},"end":{"line":32,"column":13}},"type":"if","locations":[{"start":{"line":27,"column":17},"end":{"line":32,"column":13}},{"start":{"line":30,"column":17},"end":{"line":32,"column":13}}],"line":27},"2":{"loc":{"start":{"line":40,"column":4},"end":{"line":43,"column":5}},"type":"if","locations":[{"start":{"line":40,"column":4},"end":{"line":43,"column":5}},{"start":{},"end":{}}],"line":40},"3":{"loc":{"start":{"line":47,"column":4},"end":{"line":52,"column":5}},"type":"if","locations":[{"start":{"line":47,"column":4},"end":{"line":52,"column":5}},{"start":{"line":50,"column":8},"end":{"line":52,"column":5}}],"line":47}},"s":{"0":1,"1":1,"2":1,"3":1,"4":1,"5":1,"6":1,"7":1,"8":1,"9":0,"10":1,"11":1,"12":1,"13":1,"14":0,"15":0,"16":0,"17":0,"18":0,"19":0,"20":1,"21":1,"22":0,"23":0,"24":0,"25":0,"26":0,"27":0,"28":0,"29":0,"30":0},"f":{"0":0,"1":0,"2":0,"3":0},"b":{"0":[0,0],"1":[0,0],"2":[0,0],"3":[0,0]},"_coverageSchema":"1a1c01bbd47fc00a2c39e90264f33305004495a9","hash":"2821087147475a983bf63919b72ac65ad77dc4a9"}
,"C:\\Users\\HP\\Documents\\myprojects\\blog\\middleware\\pwdAuth.js": {"path":"C:\\Users\\HP\\Documents\\myprojects\\blog\\middleware\\pwdAuth.js","statementMap":{"0":{"start":{"line":1,"column":15},"end":{"line":1,"column":32}},"1":{"start":{"line":2,"column":12},"end":{"line":2,"column":35}},"2":{"start":{"line":3,"column":15},"end":{"line":3,"column":35}},"3":{"start":{"line":5,"column":13},"end":{"line":5,"column":44}},"4":{"start":{"line":8,"column":4},"end":{"line":8,"column":39}},"5":{"start":{"line":12,"column":4},"end":{"line":12,"column":59}},"6":{"start":{"line":17,"column":15},"end":{"line":17,"column":71}},"7":{"start":{"line":18,"column":4},"end":{"line":20,"column":5}},"8":{"start":{"line":19,"column":8},"end":{"line":19,"column":20}},"9":{"start":{"line":21,"column":27},"end":{"line":21,"column":71}},"10":{"start":{"line":22,"column":4},"end":{"line":24,"column":5}},"11":{"start":{"line":23,"column":8},"end":{"line":23,"column":20}},"12":{"start":{"line":25,"column":4},"end":{"line":25,"column":16}},"13":{"start":{"line":28,"column":0},"end":{"line":32,"column":1}}},"fnMap":{"0":{"name":"hashPassword","decl":{"start":{"line":7,"column":15},"end":{"line":7,"column":27}},"loc":{"start":{"line":7,"column":38},"end":{"line":9,"column":1}},"line":7},"1":{"name":"verifyPassword","decl":{"start":{"line":11,"column":15},"end":{"line":11,"column":29}},"loc":{"start":{"line":11,"column":61},"end":{"line":13,"column":1}},"line":11},"2":{"name":"validateUser","decl":{"start":{"line":16,"column":15},"end":{"line":16,"column":27}},"loc":{"start":{"line":16,"column":45},"end":{"line":26,"column":1}},"line":16}},"branchMap":{"0":{"loc":{"start":{"line":18,"column":4},"end":{"line":20,"column":5}},"type":"if","locations":[{"start":{"line":18,"column":4},"end":{"line":20,"column":5}},{"start":{},"end":{}}],"line":18},"1":{"loc":{"start":{"line":22,"column":4},"end":{"line":24,"column":5}},"type":"if","locations":[{"start":{"line":22,"column":4},"end":{"line":24,"column":5}},{"start":{},"end":{}}],"line":22}},"s":{"0":1,"1":1,"2":1,"3":1,"4":1,"5":0,"6":0,"7":0,"8":0,"9":0,"10":0,"11":0,"12":0,"13":1},"f":{"0":1,"1":0,"2":0},"b":{"0":[0,0],"1":[0,0]},"_coverageSchema":"1a1c01bbd47fc00a2c39e90264f33305004495a9","hash":"5e06e2e654dcbd4ceda8750f51075eae3c7ccc32"}
,"C:\\Users\\HP\\Documents\\myprojects\\blog\\models\\articleSchema.js": {"path":"C:\\Users\\HP\\Documents\\myprojects\\blog\\models\\articleSchema.js","statementMap":{"0":{"start":{"line":2,"column":17},"end":{"line":2,"column":36}},"1":{"start":{"line":3,"column":19},"end":{"line":3,"column":50}},"2":{"start":{"line":4,"column":15},"end":{"line":4,"column":30}},"3":{"start":{"line":8,"column":22},"end":{"line":44,"column":2}},"4":{"start":{"line":46,"column":16},"end":{"line":46,"column":56}},"5":{"start":{"line":48,"column":0},"end":{"line":48,"column":24}}},"fnMap":{},"branchMap":{},"s":{"0":1,"1":1,"2":1,"3":1,"4":1,"5":1},"f":{},"b":{},"_coverageSchema":"1a1c01bbd47fc00a2c39e90264f33305004495a9","hash":"c174c6751aefaecd9b4673f2c1e11c3a13ce397a"}
,"C:\\Users\\HP\\Documents\\myprojects\\blog\\models\\userSchema.js": {"path":"C:\\Users\\HP\\Documents\\myprojects\\blog\\models\\userSchema.js","statementMap":{"0":{"start":{"line":2,"column":17},"end":{"line":2,"column":36}},"1":{"start":{"line":3,"column":15},"end":{"line":3,"column":30}},"2":{"start":{"line":6,"column":19},"end":{"line":31,"column":2}},"3":{"start":{"line":35,"column":14},"end":{"line":35,"column":48}},"4":{"start":{"line":37,"column":0},"end":{"line":37,"column":22}}},"fnMap":{},"branchMap":{},"s":{"0":1,"1":1,"2":1,"3":1,"4":1},"f":{},"b":{},"_coverageSchema":"1a1c01bbd47fc00a2c39e90264f33305004495a9","hash":"63355a1d0131f15f2b0bc6e4557be047663d1d8d"}
,"C:\\Users\\HP\\Documents\\myprojects\\blog\\routes\\articleRoute.js": {"path":"C:\\Users\\HP\\Documents\\myprojects\\blog\\routes\\articleRoute.js","statementMap":{"0":{"start":{"line":1,"column":14},"end":{"line":1,"column":32}},"1":{"start":{"line":2,"column":13},"end":{"line":2,"column":29}},"2":{"start":{"line":3,"column":19},"end":{"line":3,"column":41}},"3":{"start":{"line":4,"column":21},"end":{"line":4,"column":57}},"4":{"start":{"line":13,"column":4},"end":{"line":13,"column":36}},"5":{"start":{"line":15,"column":0},"end":{"line":15,"column":29}},"6":{"start":{"line":19,"column":0},"end":{"line":21,"column":47}},"7":{"start":{"line":23,"column":2},"end":{"line":24,"column":48}},"8":{"start":{"line":26,"column":0},"end":{"line":30,"column":76}},"9":{"start":{"line":32,"column":0},"end":{"line":32,"column":24}}},"fnMap":{},"branchMap":{},"s":{"0":1,"1":1,"2":1,"3":1,"4":1,"5":1,"6":1,"7":1,"8":1,"9":1},"f":{},"b":{},"_coverageSchema":"1a1c01bbd47fc00a2c39e90264f33305004495a9","hash":"3e95baea5ded01ce1959f401c284e300400c4ec3"}
,"C:\\Users\\HP\\Documents\\myprojects\\blog\\routes\\indexRoute.js": {"path":"C:\\Users\\HP\\Documents\\myprojects\\blog\\routes\\indexRoute.js","statementMap":{"0":{"start":{"line":1,"column":14},"end":{"line":1,"column":32}},"1":{"start":{"line":2,"column":13},"end":{"line":2,"column":29}},"2":{"start":{"line":5,"column":0},"end":{"line":7,"column":3}},"3":{"start":{"line":6,"column":2},"end":{"line":6,"column":44}},"4":{"start":{"line":9,"column":0},"end":{"line":9,"column":24}}},"fnMap":{"0":{"name":"(anonymous_0)","decl":{"start":{"line":5,"column":16},"end":{"line":5,"column":17}},"loc":{"start":{"line":5,"column":41},"end":{"line":7,"column":1}},"line":5}},"branchMap":{},"s":{"0":1,"1":1,"2":1,"3":0,"4":1},"f":{"0":0},"b":{},"_coverageSchema":"1a1c01bbd47fc00a2c39e90264f33305004495a9","hash":"dcfe2386be2d90280328d447ec719e3c755082ec"}
,"C:\\Users\\HP\\Documents\\myprojects\\blog\\routes\\usersRoute.js": {"path":"C:\\Users\\HP\\Documents\\myprojects\\blog\\routes\\usersRoute.js","statementMap":{"0":{"start":{"line":1,"column":14},"end":{"line":1,"column":32}},"1":{"start":{"line":2,"column":17},"end":{"line":2,"column":33}},"2":{"start":{"line":3,"column":15},"end":{"line":3,"column":34}},"3":{"start":{"line":4,"column":19},"end":{"line":4,"column":41}},"4":{"start":{"line":5,"column":85},"end":{"line":5,"column":114}},"5":{"start":{"line":7,"column":21},"end":{"line":7,"column":57}},"6":{"start":{"line":9,"column":0},"end":{"line":9,"column":33}},"7":{"start":{"line":12,"column":0},"end":{"line":14,"column":18}},"8":{"start":{"line":16,"column":0},"end":{"line":17,"column":17}},"9":{"start":{"line":19,"column":0},"end":{"line":20,"column":18}},"10":{"start":{"line":22,"column":0},"end":{"line":23,"column":18}},"11":{"start":{"line":29,"column":0},"end":{"line":29,"column":28}}},"fnMap":{},"branchMap":{},"s":{"0":1,"1":1,"2":1,"3":1,"4":1,"5":1,"6":1,"7":1,"8":1,"9":1,"10":1,"11":1},"f":{},"b":{},"_coverageSchema":"1a1c01bbd47fc00a2c39e90264f33305004495a9","hash":"5f9d9a8bb3fde6361e79a1bb966ddb209aa1c191"}
,"C:\\Users\\HP\\Documents\\myprojects\\blog\\test\\database.js": {"path":"C:\\Users\\HP\\Documents\\myprojects\\blog\\test\\database.js","statementMap":{"0":{"start":{"line":1,"column":17},"end":{"line":1,"column":36}},"1":{"start":{"line":2,"column":30},"end":{"line":2,"column":62}},"2":{"start":{"line":4,"column":0},"end":{"line":4,"column":34}},"3":{"start":{"line":8,"column":4},"end":{"line":8,"column":50}},"4":{"start":{"line":9,"column":4},"end":{"line":9,"column":27}},"5":{"start":{"line":13,"column":4},"end":{"line":13,"column":56}},"6":{"start":{"line":14,"column":21},"end":{"line":14,"column":46}},"7":{"start":{"line":16,"column":4},"end":{"line":19,"column":7}},"8":{"start":{"line":23,"column":4},"end":{"line":23,"column":32}},"9":{"start":{"line":24,"column":4},"end":{"line":24,"column":34}},"10":{"start":{"line":28,"column":19},"end":{"line":28,"column":54}},"11":{"start":{"line":29,"column":21},"end":{"line":29,"column":23}},"12":{"start":{"line":31,"column":4},"end":{"line":33,"column":7}},"13":{"start":{"line":32,"column":6},"end":{"line":32,"column":66}},"14":{"start":{"line":35,"column":4},"end":{"line":35,"column":32}},"15":{"start":{"line":45,"column":0},"end":{"line":49,"column":2}},"16":{"start":{"line":46,"column":15},"end":{"line":46,"column":31}},"17":{"start":{"line":47,"column":2},"end":{"line":47,"column":23}},"18":{"start":{"line":48,"column":2},"end":{"line":48,"column":14}}},"fnMap":{"0":{"name":"(anonymous_0)","decl":{"start":{"line":7,"column":2},"end":{"line":7,"column":3}},"loc":{"start":{"line":7,"column":16},"end":{"line":10,"column":3}},"line":7},"1":{"name":"(anonymous_1)","decl":{"start":{"line":12,"column":2},"end":{"line":12,"column":3}},"loc":{"start":{"line":12,"column":18},"end":{"line":20,"column":3}},"line":12},"2":{"name":"(anonymous_2)","decl":{"start":{"line":22,"column":2},"end":{"line":22,"column":3}},"loc":{"start":{"line":22,"column":21},"end":{"line":25,"column":3}},"line":22},"3":{"name":"(anonymous_3)","decl":{"start":{"line":27,"column":2},"end":{"line":27,"column":3}},"loc":{"start":{"line":27,"column":18},"end":{"line":36,"column":3}},"line":27},"4":{"name":"(anonymous_4)","decl":{"start":{"line":31,"column":15},"end":{"line":31,"column":16}},"loc":{"start":{"line":31,"column":26},"end":{"line":33,"column":5}},"line":31},"5":{"name":"(anonymous_5)","decl":{"start":{"line":45,"column":18},"end":{"line":45,"column":19}},"loc":{"start":{"line":45,"column":30},"end":{"line":49,"column":1}},"line":45}},"branchMap":{},"s":{"0":1,"1":1,"2":1,"3":1,"4":1,"5":1,"6":1,"7":1,"8":1,"9":1,"10":1,"11":1,"12":1,"13":2,"14":1,"15":1,"16":1,"17":1,"18":1},"f":{"0":1,"1":1,"2":1,"3":1,"4":2,"5":1},"b":{},"_coverageSchema":"1a1c01bbd47fc00a2c39e90264f33305004495a9","hash":"356bc9d43ed4b070b8135f2fcbbbd0073cd6a0ff"}
,"C:\\Users\\HP\\Documents\\myprojects\\blog\\utils\\readCount.js": {"path":"C:\\Users\\HP\\Documents\\myprojects\\blog\\utils\\readCount.js","statementMap":{"0":{"start":{"line":1,"column":20},"end":{"line":6,"column":3}},"1":{"start":{"line":2,"column":22},"end":{"line":2,"column":47}},"2":{"start":{"line":4,"column":27},"end":{"line":4,"column":42}},"3":{"start":{"line":5,"column":4},"end":{"line":5,"column":76}},"4":{"start":{"line":8,"column":2},"end":{"line":8,"column":34}}},"fnMap":{"0":{"name":"(anonymous_0)","decl":{"start":{"line":1,"column":20},"end":{"line":1,"column":21}},"loc":{"start":{"line":1,"column":33},"end":{"line":6,"column":3}},"line":1}},"branchMap":{"0":{"loc":{"start":{"line":5,"column":11},"end":{"line":5,"column":76}},"type":"cond-expr","locations":[{"start":{"line":5,"column":46},"end":{"line":5,"column":47}},{"start":{"line":5,"column":50},"end":{"line":5,"column":76}}],"line":5}},"s":{"0":1,"1":0,"2":0,"3":0,"4":1},"f":{"0":0},"b":{"0":[0,0]},"_coverageSchema":"1a1c01bbd47fc00a2c39e90264f33305004495a9","hash":"2a0f548bac71767a972acd42a4b63b7819cbd6dc"}
}
